[     429ms] [WARNING] WebSocket connection to 'ws://localhost:3002/' failed: WebSocket is closed before the connection is established. @ http://localhost:5173/src/hooks/useWebSocket.ts:37
[     476ms] [ERROR] Failed to load resource: the server responded with a status of 404 (Not Found) @ http://localhost:5173/favicon.ico:0
[  574181ms] [ERROR] WebSocket connection to 'ws://localhost:3002/' failed: Error during WebSocket handshake: net::ERR_CONNECTION_RESET @ http://localhost:5173/src/hooks/useWebSocket.ts:8
[  575358ms] [ERROR] React has detected a change in the order of Hooks called by %s. This will lead to bugs and errors if not fixed. For more information, read the Rules of Hooks: https://react.dev/link/rules-of-hooks

   Previous render            Next render
   ------------------------------------------------------
%s   ^^^^^^^^^^^^^^^^^^^^^^^^^^^^^^^^^^^^^^^^^^^^^^^^^^^^^^
 App 1. useState                   useState
2. useState                   useState
3. useState                   useState
4. useCallback                useCallback
5. useState                   useState
6. useRef                     useRef
7. useRef                     useRef
8. useRef                     useRef
9. useCallback                useCallback
10. useEffect                 useEffect
11. useCallback               useCallback
12. useCallback               useCallback
13. useCallback               useCallback
14. undefined                 useCallback
 @ http://localhost:5173/node_modules/.vite/deps/react-dom_client.js?v=f2b627a9:5593
[  575380ms] Error: Rendered more hooks than during the previous render.
    at updateWorkInProgressHook (http://localhost:5173/node_modules/.vite/deps/react-dom_client.js?v=f2b627a9:5792:19)
    at updateCallback (http://localhost:5173/node_modules/.vite/deps/react-dom_client.js?v=f2b627a9:6516:20)
    at Object.useCallback (http://localhost:5173/node_modules/.vite/deps/react-dom_client.js?v=f2b627a9:18936:18)
    at exports.useCallback (http://localhost:5173/node_modules/.vite/deps/chunk-RY7GF66K.js?v=f2b627a9:904:36)
    at useHeatPump (http://localhost:5173/src/hooks/useHeatPump.ts?t=1771667658142:84:23)
    at App (http://localhost:5173/src/App.tsx?t=1771667658142:8:96)
    at Object.react_stack_bottom_frame (http://localhost:5173/node_modules/.vite/deps/react-dom_client.js?v=f2b627a9:18509:20)
    at renderWithHooks (http://localhost:5173/node_modules/.vite/deps/react-dom_client.js?v=f2b627a9:5654:24)
    at updateFunctionComponent (http://localhost:5173/node_modules/.vite/deps/react-dom_client.js?v=f2b627a9:7475:21)
    at beginWork (http://localhost:5173/node_modules/.vite/deps/react-dom_client.js?v=f2b627a9:8525:20)
[  575379ms] [WARNING] %s

%s
 An error occurred in the <App> component. Consider adding an error boundary to your tree to customize error handling behavior.
Visit https://react.dev/link/error-boundaries to learn more about error boundaries. @ http://localhost:5173/node_modules/.vite/deps/react-dom_client.js?v=f2b627a9:6965
[  582099ms] [WARNING] WebSocket connection to 'ws://localhost:3002/' failed: WebSocket is closed before the connection is established. @ http://localhost:5173/src/hooks/useWebSocket.ts:37
